1735338761.190437 client started (19161): version 3.5a, socket /private/tmp/tmux-501/default, protocol 8
1735338761.190474 on Darwin 24.2.0 Darwin Kernel Version 24.2.0: Fri Dec  6 19:03:40 PST 2024; root:xnu-11215.61.5~2/RELEASE_ARM64_T6041
1735338761.190481 using libevent 2.1.12-stable select
1735338761.190495 using utf8proc 2.9.0
1735338761.190498 using ncurses 6.4 20221231
1735338761.190506 flags are 0x10010000
1735338761.190509 socket is /private/tmp/tmux-501/default
1735338761.190518 trying connect
1735338761.190543 add peer 0x138008000: 6 (0x0)
1735338761.191359 sending message 111 to peer 0x138008000 (8 bytes)
1735338761.191365 sending message 111 to peer 0x138008000 (8 bytes)
1735338761.191368 sending message 101 to peer 0x138008000 (14 bytes)
1735338761.191370 sending message 109 to peer 0x138008000 (4 bytes)
1735338761.191373 sending message 102 to peer 0x138008000 (13 bytes)
1735338761.191375 sending message 108 to peer 0x138008000 (26 bytes)
1735338761.191378 sending message 112 to peer 0x138008000 (70 bytes)
1735338761.191380 sending message 112 to peer 0x138008000 (5 bytes)
1735338761.191383 sending message 112 to peer 0x138008000 (5 bytes)
1735338761.191385 sending message 112 to peer 0x138008000 (6 bytes)
1735338761.191387 sending message 112 to peer 0x138008000 (6 bytes)
1735338761.191390 sending message 112 to peer 0x138008000 (11 bytes)
1735338761.191392 sending message 112 to peer 0x138008000 (10 bytes)
1735338761.191394 sending message 112 to peer 0x138008000 (13 bytes)
1735338761.191397 sending message 112 to peer 0x138008000 (14 bytes)
1735338761.191399 sending message 112 to peer 0x138008000 (9 bytes)
1735338761.191401 sending message 112 to peer 0x138008000 (21 bytes)
1735338761.191404 sending message 112 to peer 0x138008000 (19 bytes)
1735338761.191406 sending message 112 to peer 0x138008000 (11 bytes)
1735338761.191408 sending message 112 to peer 0x138008000 (21 bytes)
1735338761.191410 sending message 112 to peer 0x138008000 (13 bytes)
1735338761.191412 sending message 112 to peer 0x138008000 (7 bytes)
1735338761.191415 sending message 112 to peer 0x138008000 (13 bytes)
1735338761.191417 sending message 112 to peer 0x138008000 (7 bytes)
1735338761.191419 sending message 112 to peer 0x138008000 (13 bytes)
1735338761.191421 sending message 112 to peer 0x138008000 (9 bytes)
1735338761.191424 sending message 112 to peer 0x138008000 (21 bytes)
1735338761.191426 sending message 112 to peer 0x138008000 (13 bytes)
1735338761.191428 sending message 112 to peer 0x138008000 (9 bytes)
1735338761.191430 sending message 112 to peer 0x138008000 (16 bytes)
1735338761.191433 sending message 112 to peer 0x138008000 (13 bytes)
1735338761.191435 sending message 112 to peer 0x138008000 (9 bytes)
1735338761.191437 sending message 112 to peer 0x138008000 (9 bytes)
1735338761.191439 sending message 112 to peer 0x138008000 (12 bytes)
1735338761.191441 sending message 112 to peer 0x138008000 (8 bytes)
1735338761.191444 sending message 112 to peer 0x138008000 (12 bytes)
1735338761.191446 sending message 112 to peer 0x138008000 (8 bytes)
1735338761.191448 sending message 112 to peer 0x138008000 (13 bytes)
1735338761.191450 sending message 112 to peer 0x138008000 (7 bytes)
1735338761.191452 sending message 112 to peer 0x138008000 (7 bytes)
1735338761.191455 sending message 112 to peer 0x138008000 (9 bytes)
1735338761.191457 sending message 112 to peer 0x138008000 (12 bytes)
1735338761.191459 sending message 112 to peer 0x138008000 (6 bytes)
1735338761.191461 sending message 112 to peer 0x138008000 (9 bytes)
1735338761.191463 sending message 112 to peer 0x138008000 (15 bytes)
1735338761.191466 sending message 112 to peer 0x138008000 (13 bytes)
1735338761.191468 sending message 112 to peer 0x138008000 (9 bytes)
1735338761.191470 sending message 112 to peer 0x138008000 (12 bytes)
1735338761.191472 sending message 112 to peer 0x138008000 (8 bytes)
1735338761.191475 sending message 112 to peer 0x138008000 (14 bytes)
1735338761.191477 sending message 112 to peer 0x138008000 (11 bytes)
1735338761.191479 sending message 112 to peer 0x138008000 (9 bytes)
1735338761.191486 sending message 112 to peer 0x138008000 (10 bytes)
1735338761.191487 sending message 112 to peer 0x138008000 (10 bytes)
1735338761.191489 sending message 112 to peer 0x138008000 (10 bytes)
1735338761.191491 sending message 112 to peer 0x138008000 (10 bytes)
1735338761.191492 sending message 112 to peer 0x138008000 (11 bytes)
1735338761.191494 sending message 112 to peer 0x138008000 (12 bytes)
1735338761.191496 sending message 112 to peer 0x138008000 (12 bytes)
1735338761.191497 sending message 112 to peer 0x138008000 (12 bytes)
1735338761.191499 sending message 112 to peer 0x138008000 (12 bytes)
1735338761.191501 sending message 112 to peer 0x138008000 (12 bytes)
1735338761.191502 sending message 112 to peer 0x138008000 (11 bytes)
1735338761.191504 sending message 112 to peer 0x138008000 (11 bytes)
1735338761.191505 sending message 112 to peer 0x138008000 (12 bytes)
1735338761.191507 sending message 112 to peer 0x138008000 (12 bytes)
1735338761.191509 sending message 112 to peer 0x138008000 (12 bytes)
1735338761.191510 sending message 112 to peer 0x138008000 (12 bytes)
1735338761.191512 sending message 112 to peer 0x138008000 (12 bytes)
1735338761.191513 sending message 112 to peer 0x138008000 (9 bytes)
1735338761.191515 sending message 112 to peer 0x138008000 (12 bytes)
1735338761.191517 sending message 112 to peer 0x138008000 (13 bytes)
1735338761.191518 sending message 112 to peer 0x138008000 (13 bytes)
1735338761.191520 sending message 112 to peer 0x138008000 (13 bytes)
1735338761.191522 sending message 112 to peer 0x138008000 (13 bytes)
1735338761.191523 sending message 112 to peer 0x138008000 (13 bytes)
1735338761.191525 sending message 112 to peer 0x138008000 (8 bytes)
1735338761.191526 sending message 112 to peer 0x138008000 (11 bytes)
1735338761.191528 sending message 112 to peer 0x138008000 (11 bytes)
1735338761.191530 sending message 112 to peer 0x138008000 (11 bytes)
1735338761.191531 sending message 112 to peer 0x138008000 (12 bytes)
1735338761.191533 sending message 112 to peer 0x138008000 (12 bytes)
1735338761.191534 sending message 112 to peer 0x138008000 (12 bytes)
1735338761.191536 sending message 112 to peer 0x138008000 (12 bytes)
1735338761.191537 sending message 112 to peer 0x138008000 (13 bytes)
1735338761.191539 sending message 112 to peer 0x138008000 (13 bytes)
1735338761.191541 sending message 112 to peer 0x138008000 (13 bytes)
1735338761.191542 sending message 112 to peer 0x138008000 (8 bytes)
1735338761.191544 sending message 112 to peer 0x138008000 (13 bytes)
1735338761.191545 sending message 112 to peer 0x138008000 (13 bytes)
1735338761.191547 sending message 112 to peer 0x138008000 (13 bytes)
1735338761.191549 sending message 112 to peer 0x138008000 (13 bytes)
1735338761.191550 sending message 112 to peer 0x138008000 (13 bytes)
1735338761.191552 sending message 112 to peer 0x138008000 (12 bytes)
1735338761.191553 sending message 112 to peer 0x138008000 (12 bytes)
1735338761.191555 sending message 112 to peer 0x138008000 (12 bytes)
1735338761.191557 sending message 112 to peer 0x138008000 (12 bytes)
1735338761.191558 sending message 112 to peer 0x138008000 (13 bytes)
1735338761.191560 sending message 112 to peer 0x138008000 (8 bytes)
1735338761.191561 sending message 112 to peer 0x138008000 (13 bytes)
1735338761.191563 sending message 112 to peer 0x138008000 (13 bytes)
1735338761.191564 sending message 112 to peer 0x138008000 (13 bytes)
1735338761.191566 sending message 112 to peer 0x138008000 (13 bytes)
1735338761.191568 sending message 112 to peer 0x138008000 (13 bytes)
1735338761.191569 sending message 112 to peer 0x138008000 (13 bytes)
1735338761.191571 sending message 112 to peer 0x138008000 (13 bytes)
1735338761.191572 sending message 112 to peer 0x138008000 (12 bytes)
1735338761.191574 sending message 112 to peer 0x138008000 (12 bytes)
1735338761.191575 sending message 112 to peer 0x138008000 (12 bytes)
1735338761.191577 sending message 112 to peer 0x138008000 (8 bytes)
1735338761.191579 sending message 112 to peer 0x138008000 (12 bytes)
1735338761.191580 sending message 112 to peer 0x138008000 (13 bytes)
1735338761.191585 sending message 112 to peer 0x138008000 (13 bytes)
1735338761.191587 sending message 112 to peer 0x138008000 (13 bytes)
1735338761.191588 sending message 112 to peer 0x138008000 (13 bytes)
1735338761.191590 sending message 112 to peer 0x138008000 (13 bytes)
1735338761.191592 sending message 112 to peer 0x138008000 (13 bytes)
1735338761.191593 sending message 112 to peer 0x138008000 (13 bytes)
1735338761.191595 sending message 112 to peer 0x138008000 (13 bytes)
1735338761.191596 sending message 112 to peer 0x138008000 (12 bytes)
1735338761.191598 sending message 112 to peer 0x138008000 (10 bytes)
1735338761.191600 sending message 112 to peer 0x138008000 (12 bytes)
1735338761.191601 sending message 112 to peer 0x138008000 (12 bytes)
1735338761.191603 sending message 112 to peer 0x138008000 (12 bytes)
1735338761.191604 sending message 112 to peer 0x138008000 (13 bytes)
1735338761.191606 sending message 112 to peer 0x138008000 (13 bytes)
1735338761.191607 sending message 112 to peer 0x138008000 (13 bytes)
1735338761.191609 sending message 112 to peer 0x138008000 (13 bytes)
1735338761.191611 sending message 112 to peer 0x138008000 (13 bytes)
1735338761.191612 sending message 112 to peer 0x138008000 (13 bytes)
1735338761.191614 sending message 112 to peer 0x138008000 (13 bytes)
1735338761.191615 sending message 112 to peer 0x138008000 (10 bytes)
1735338761.191617 sending message 112 to peer 0x138008000 (13 bytes)
1735338761.191618 sending message 112 to peer 0x138008000 (12 bytes)
1735338761.191620 sending message 112 to peer 0x138008000 (12 bytes)
1735338761.191622 sending message 112 to peer 0x138008000 (12 bytes)
1735338761.191623 sending message 112 to peer 0x138008000 (10 bytes)
1735338761.191625 sending message 112 to peer 0x138008000 (10 bytes)
1735338761.191626 sending message 112 to peer 0x138008000 (10 bytes)
1735338761.191628 sending message 112 to peer 0x138008000 (12 bytes)
1735338761.191630 sending message 112 to peer 0x138008000 (13 bytes)
1735338761.191631 sending message 112 to peer 0x138008000 (13 bytes)
1735338761.191633 sending message 112 to peer 0x138008000 (13 bytes)
1735338761.191634 sending message 112 to peer 0x138008000 (13 bytes)
1735338761.191636 sending message 112 to peer 0x138008000 (13 bytes)
1735338761.191638 sending message 112 to peer 0x138008000 (10 bytes)
1735338761.191639 sending message 112 to peer 0x138008000 (11 bytes)
1735338761.191641 sending message 112 to peer 0x138008000 (12 bytes)
1735338761.191642 sending message 112 to peer 0x138008000 (12 bytes)
1735338761.191644 sending message 112 to peer 0x138008000 (12 bytes)
1735338761.191645 sending message 112 to peer 0x138008000 (12 bytes)
1735338761.191647 sending message 112 to peer 0x138008000 (12 bytes)
1735338761.191649 sending message 112 to peer 0x138008000 (11 bytes)
1735338761.191650 sending message 112 to peer 0x138008000 (12 bytes)
1735338761.191652 sending message 112 to peer 0x138008000 (12 bytes)
1735338761.191653 sending message 112 to peer 0x138008000 (13 bytes)
1735338761.191655 sending message 112 to peer 0x138008000 (13 bytes)
1735338761.191657 sending message 112 to peer 0x138008000 (13 bytes)
1735338761.191658 sending message 112 to peer 0x138008000 (13 bytes)
1735338761.191660 sending message 112 to peer 0x138008000 (13 bytes)
1735338761.191661 sending message 112 to peer 0x138008000 (10 bytes)
1735338761.191663 sending message 112 to peer 0x138008000 (9 bytes)
1735338761.191664 sending message 112 to peer 0x138008000 (12 bytes)
1735338761.191666 sending message 112 to peer 0x138008000 (13 bytes)
1735338761.191668 sending message 112 to peer 0x138008000 (13 bytes)
1735338761.191669 sending message 112 to peer 0x138008000 (13 bytes)
1735338761.191671 sending message 112 to peer 0x138008000 (13 bytes)
1735338761.191672 sending message 112 to peer 0x138008000 (13 bytes)
1735338761.191674 sending message 112 to peer 0x138008000 (9 bytes)
1735338761.191676 sending message 112 to peer 0x138008000 (12 bytes)
1735338761.191677 sending message 112 to peer 0x138008000 (13 bytes)
1735338761.191682 sending message 112 to peer 0x138008000 (13 bytes)
1735338761.191683 sending message 112 to peer 0x138008000 (13 bytes)
1735338761.191685 sending message 112 to peer 0x138008000 (13 bytes)
1735338761.191687 sending message 112 to peer 0x138008000 (13 bytes)
1735338761.191688 sending message 112 to peer 0x138008000 (11 bytes)
1735338761.191690 sending message 112 to peer 0x138008000 (12 bytes)
1735338761.191691 sending message 112 to peer 0x138008000 (13 bytes)
1735338761.191693 sending message 112 to peer 0x138008000 (13 bytes)
1735338761.191695 sending message 112 to peer 0x138008000 (13 bytes)
1735338761.191696 sending message 112 to peer 0x138008000 (13 bytes)
1735338761.191698 sending message 112 to peer 0x138008000 (13 bytes)
1735338761.191699 sending message 112 to peer 0x138008000 (11 bytes)
1735338761.191701 sending message 112 to peer 0x138008000 (12 bytes)
1735338761.191702 sending message 112 to peer 0x138008000 (12 bytes)
1735338761.191704 sending message 112 to peer 0x138008000 (12 bytes)
1735338761.191706 sending message 112 to peer 0x138008000 (12 bytes)
1735338761.191707 sending message 112 to peer 0x138008000 (12 bytes)
1735338761.191709 sending message 112 to peer 0x138008000 (21 bytes)
1735338761.191711 sending message 112 to peer 0x138008000 (12 bytes)
1735338761.191712 sending message 112 to peer 0x138008000 (9 bytes)
1735338761.191714 sending message 112 to peer 0x138008000 (6 bytes)
1735338761.191715 sending message 112 to peer 0x138008000 (13 bytes)
1735338761.191717 sending message 112 to peer 0x138008000 (10 bytes)
1735338761.191719 sending message 112 to peer 0x138008000 (15 bytes)
1735338761.191720 sending message 112 to peer 0x138008000 (13 bytes)
1735338761.191722 sending message 112 to peer 0x138008000 (9 bytes)
1735338761.191723 sending message 112 to peer 0x138008000 (70 bytes)
1735338761.191725 sending message 112 to peer 0x138008000 (69 bytes)
1735338761.191727 sending message 112 to peer 0x138008000 (34 bytes)
1735338761.191728 sending message 112 to peer 0x138008000 (34 bytes)
1735338761.191730 sending message 112 to peer 0x138008000 (70 bytes)
1735338761.191731 sending message 112 to peer 0x138008000 (12 bytes)
1735338761.191733 sending message 112 to peer 0x138008000 (10 bytes)
1735338761.191735 sending message 112 to peer 0x138008000 (10 bytes)
1735338761.191736 sending message 112 to peer 0x138008000 (15 bytes)
1735338761.191738 sending message 112 to peer 0x138008000 (13 bytes)
1735338761.191739 sending message 112 to peer 0x138008000 (10 bytes)
1735338761.191741 sending message 112 to peer 0x138008000 (10 bytes)
1735338761.191743 sending message 112 to peer 0x138008000 (17 bytes)
1735338761.191744 sending message 112 to peer 0x138008000 (10 bytes)
1735338761.191746 sending message 112 to peer 0x138008000 (13 bytes)
1735338761.191747 sending message 112 to peer 0x138008000 (32 bytes)
1735338761.191749 sending message 112 to peer 0x138008000 (5 bytes)
1735338761.191751 sending message 112 to peer 0x138008000 (9 bytes)
1735338761.191752 sending message 112 to peer 0x138008000 (15 bytes)
1735338761.191754 sending message 112 to peer 0x138008000 (5 bytes)
1735338761.191756 sending message 104 to peer 0x138008000 (0 bytes)
1735338761.191758 sending message 110 to peer 0x138008000 (0 bytes)
1735338761.191759 sending message 107 to peer 0x138008000 (4 bytes)
1735338761.191761 sending message 105 to peer 0x138008000 (50 bytes)
1735338761.191763 sending message 105 to peer 0x138008000 (20 bytes)
1735338761.191764 sending message 105 to peer 0x138008000 (22 bytes)
1735338761.191766 sending message 105 to peer 0x138008000 (28 bytes)
1735338761.191768 sending message 105 to peer 0x138008000 (12 bytes)
1735338761.191769 sending message 105 to peer 0x138008000 (27 bytes)
1735338761.191771 sending message 105 to peer 0x138008000 (23 bytes)
1735338761.191772 sending message 105 to peer 0x138008000 (17 bytes)
1735338761.191774 sending message 105 to peer 0x138008000 (27 bytes)
1735338761.191776 sending message 105 to peer 0x138008000 (22 bytes)
1735338761.191781 sending message 105 to peer 0x138008000 (109 bytes)
1735338761.191783 sending message 105 to peer 0x138008000 (16 bytes)
1735338761.191784 sending message 105 to peer 0x138008000 (213 bytes)
1735338761.191786 sending message 105 to peer 0x138008000 (57 bytes)
1735338761.191788 sending message 105 to peer 0x138008000 (75 bytes)
1735338761.191790 sending message 105 to peer 0x138008000 (36 bytes)
1735338761.191791 sending message 105 to peer 0x138008000 (22 bytes)
1735338761.191793 sending message 105 to peer 0x138008000 (37 bytes)
1735338761.191795 sending message 105 to peer 0x138008000 (30 bytes)
1735338761.191796 sending message 105 to peer 0x138008000 (70 bytes)
1735338761.191798 sending message 105 to peer 0x138008000 (60 bytes)
1735338761.191799 sending message 105 to peer 0x138008000 (17 bytes)
1735338761.191801 sending message 105 to peer 0x138008000 (19 bytes)
1735338761.191803 sending message 105 to peer 0x138008000 (18 bytes)
1735338761.191804 sending message 105 to peer 0x138008000 (69 bytes)
1735338761.191806 sending message 105 to peer 0x138008000 (76 bytes)
1735338761.191807 sending message 105 to peer 0x138008000 (96 bytes)
1735338761.191809 sending message 105 to peer 0x138008000 (18 bytes)
1735338761.191812 sending message 105 to peer 0x138008000 (53 bytes)
1735338761.191814 sending message 105 to peer 0x138008000 (62 bytes)
1735338761.191816 sending message 105 to peer 0x138008000 (87 bytes)
1735338761.191817 sending message 105 to peer 0x138008000 (17 bytes)
1735338761.191819 sending message 105 to peer 0x138008000 (20 bytes)
1735338761.191820 sending message 105 to peer 0x138008000 (14 bytes)
1735338761.191822 sending message 105 to peer 0x138008000 (495 bytes)
1735338761.191824 sending message 105 to peer 0x138008000 (16 bytes)
1735338761.191826 sending message 105 to peer 0x138008000 (53 bytes)
1735338761.191827 sending message 105 to peer 0x138008000 (15 bytes)
1735338761.191829 sending message 105 to peer 0x138008000 (23 bytes)
1735338761.191830 sending message 105 to peer 0x138008000 (57 bytes)
1735338761.191832 sending message 105 to peer 0x138008000 (29 bytes)
1735338761.191833 sending message 105 to peer 0x138008000 (30 bytes)
1735338761.191835 sending message 105 to peer 0x138008000 (37 bytes)
1735338761.191837 sending message 105 to peer 0x138008000 (8 bytes)
1735338761.191838 sending message 105 to peer 0x138008000 (66 bytes)
1735338761.191840 sending message 105 to peer 0x138008000 (19 bytes)
1735338761.191841 sending message 105 to peer 0x138008000 (63 bytes)
1735338761.191843 sending message 105 to peer 0x138008000 (162 bytes)
1735338761.191845 sending message 105 to peer 0x138008000 (18 bytes)
1735338761.191846 sending message 105 to peer 0x138008000 (26 bytes)
1735338761.191848 sending message 105 to peer 0x138008000 (57 bytes)
1735338761.191849 sending message 105 to peer 0x138008000 (43 bytes)
1735338761.191851 sending message 105 to peer 0x138008000 (13 bytes)
1735338761.191853 sending message 105 to peer 0x138008000 (64 bytes)
1735338761.191854 sending message 105 to peer 0x138008000 (15 bytes)
1735338761.191856 sending message 105 to peer 0x138008000 (12 bytes)
1735338761.191857 sending message 105 to peer 0x138008000 (123 bytes)
1735338761.191859 sending message 105 to peer 0x138008000 (41 bytes)
1735338761.191860 sending message 105 to peer 0x138008000 (115 bytes)
1735338761.191862 sending message 105 to peer 0x138008000 (14 bytes)
1735338761.191864 sending message 105 to peer 0x138008000 (19 bytes)
1735338761.191865 sending message 105 to peer 0x138008000 (21 bytes)
1735338761.191867 sending message 105 to peer 0x138008000 (49 bytes)
1735338761.191868 sending message 105 to peer 0x138008000 (43 bytes)
1735338761.191870 sending message 105 to peer 0x138008000 (32 bytes)
1735338761.191872 sending message 105 to peer 0x138008000 (44 bytes)
1735338761.191873 sending message 105 to peer 0x138008000 (23 bytes)
1735338761.191875 sending message 105 to peer 0x138008000 (21 bytes)
1735338761.191876 sending message 105 to peer 0x138008000 (32 bytes)
1735338761.191878 sending message 105 to peer 0x138008000 (33 bytes)
1735338761.191882 sending message 105 to peer 0x138008000 (43 bytes)
1735338761.191884 sending message 105 to peer 0x138008000 (32 bytes)
1735338761.191885 sending message 105 to peer 0x138008000 (36 bytes)
1735338761.191887 sending message 105 to peer 0x138008000 (34 bytes)
1735338761.191889 sending message 106 to peer 0x138008000 (0 bytes)
1735338761.191922 sending message 200 to peer 0x138008000 (4 bytes)
1735338761.191925 client loop enter
1735338761.192052 peer 0x138008000 message 303
1735338761.192061 open write file 2 -
1735338761.192076 sending message 305 to peer 0x138008000 (8 bytes)
1735338761.192082 write check file 2
1735338761.192102 peer 0x138008000 message 304
1735338761.192106 write 58 to file 2
1735338761.192113 peer 0x138008000 message 203
1735338761.192116 file 2 58 bytes left
1735338761.192122 write check file 2
1735338761.192124 client loop exit
