1735338751.236656 client started (19117): version 3.5a, socket /private/tmp/tmux-501/default, protocol 8
1735338751.236686 on Darwin 24.2.0 Darwin Kernel Version 24.2.0: Fri Dec  6 19:03:40 PST 2024; root:xnu-11215.61.5~2/RELEASE_ARM64_T6041
1735338751.236694 using libevent 2.1.12-stable select
1735338751.236703 using utf8proc 2.9.0
1735338751.236707 using ncurses 6.4 20221231
1735338751.236715 flags are 0x10010000
1735338751.236718 socket is /private/tmp/tmux-501/default
1735338751.236724 trying connect
1735338751.236749 add peer 0x110008000: 6 (0x0)
1735338751.237619 sending message 111 to peer 0x110008000 (8 bytes)
1735338751.237625 sending message 111 to peer 0x110008000 (8 bytes)
1735338751.237629 sending message 101 to peer 0x110008000 (14 bytes)
1735338751.237631 sending message 109 to peer 0x110008000 (4 bytes)
1735338751.237634 sending message 102 to peer 0x110008000 (13 bytes)
1735338751.237637 sending message 108 to peer 0x110008000 (26 bytes)
1735338751.237639 sending message 112 to peer 0x110008000 (70 bytes)
1735338751.237641 sending message 112 to peer 0x110008000 (5 bytes)
1735338751.237644 sending message 112 to peer 0x110008000 (5 bytes)
1735338751.237646 sending message 112 to peer 0x110008000 (6 bytes)
1735338751.237648 sending message 112 to peer 0x110008000 (6 bytes)
1735338751.237651 sending message 112 to peer 0x110008000 (11 bytes)
1735338751.237654 sending message 112 to peer 0x110008000 (10 bytes)
1735338751.237656 sending message 112 to peer 0x110008000 (13 bytes)
1735338751.237658 sending message 112 to peer 0x110008000 (14 bytes)
1735338751.237663 sending message 112 to peer 0x110008000 (9 bytes)
1735338751.237665 sending message 112 to peer 0x110008000 (21 bytes)
1735338751.237669 sending message 112 to peer 0x110008000 (19 bytes)
1735338751.237672 sending message 112 to peer 0x110008000 (11 bytes)
1735338751.237674 sending message 112 to peer 0x110008000 (21 bytes)
1735338751.237676 sending message 112 to peer 0x110008000 (13 bytes)
1735338751.237679 sending message 112 to peer 0x110008000 (7 bytes)
1735338751.237681 sending message 112 to peer 0x110008000 (13 bytes)
1735338751.237683 sending message 112 to peer 0x110008000 (7 bytes)
1735338751.237685 sending message 112 to peer 0x110008000 (13 bytes)
1735338751.237688 sending message 112 to peer 0x110008000 (9 bytes)
1735338751.237690 sending message 112 to peer 0x110008000 (21 bytes)
1735338751.237692 sending message 112 to peer 0x110008000 (13 bytes)
1735338751.237694 sending message 112 to peer 0x110008000 (9 bytes)
1735338751.237697 sending message 112 to peer 0x110008000 (16 bytes)
1735338751.237699 sending message 112 to peer 0x110008000 (13 bytes)
1735338751.237702 sending message 112 to peer 0x110008000 (9 bytes)
1735338751.237705 sending message 112 to peer 0x110008000 (9 bytes)
1735338751.237710 sending message 112 to peer 0x110008000 (12 bytes)
1735338751.237713 sending message 112 to peer 0x110008000 (8 bytes)
1735338751.237715 sending message 112 to peer 0x110008000 (12 bytes)
1735338751.237717 sending message 112 to peer 0x110008000 (8 bytes)
1735338751.237720 sending message 112 to peer 0x110008000 (13 bytes)
1735338751.237723 sending message 112 to peer 0x110008000 (7 bytes)
1735338751.237728 sending message 112 to peer 0x110008000 (7 bytes)
1735338751.237732 sending message 112 to peer 0x110008000 (9 bytes)
1735338751.237735 sending message 112 to peer 0x110008000 (12 bytes)
1735338751.237737 sending message 112 to peer 0x110008000 (6 bytes)
1735338751.237739 sending message 112 to peer 0x110008000 (9 bytes)
1735338751.237742 sending message 112 to peer 0x110008000 (15 bytes)
1735338751.237744 sending message 112 to peer 0x110008000 (13 bytes)
1735338751.237746 sending message 112 to peer 0x110008000 (9 bytes)
1735338751.237748 sending message 112 to peer 0x110008000 (12 bytes)
1735338751.237751 sending message 112 to peer 0x110008000 (8 bytes)
1735338751.237753 sending message 112 to peer 0x110008000 (14 bytes)
1735338751.237755 sending message 112 to peer 0x110008000 (11 bytes)
1735338751.237757 sending message 112 to peer 0x110008000 (9 bytes)
1735338751.237764 sending message 112 to peer 0x110008000 (10 bytes)
1735338751.237766 sending message 112 to peer 0x110008000 (10 bytes)
1735338751.237768 sending message 112 to peer 0x110008000 (10 bytes)
1735338751.237770 sending message 112 to peer 0x110008000 (10 bytes)
1735338751.237771 sending message 112 to peer 0x110008000 (11 bytes)
1735338751.237773 sending message 112 to peer 0x110008000 (12 bytes)
1735338751.237775 sending message 112 to peer 0x110008000 (12 bytes)
1735338751.237776 sending message 112 to peer 0x110008000 (12 bytes)
1735338751.237778 sending message 112 to peer 0x110008000 (12 bytes)
1735338751.237779 sending message 112 to peer 0x110008000 (12 bytes)
1735338751.237781 sending message 112 to peer 0x110008000 (11 bytes)
1735338751.237783 sending message 112 to peer 0x110008000 (11 bytes)
1735338751.237784 sending message 112 to peer 0x110008000 (12 bytes)
1735338751.237786 sending message 112 to peer 0x110008000 (12 bytes)
1735338751.237788 sending message 112 to peer 0x110008000 (12 bytes)
1735338751.237789 sending message 112 to peer 0x110008000 (12 bytes)
1735338751.237791 sending message 112 to peer 0x110008000 (12 bytes)
1735338751.237792 sending message 112 to peer 0x110008000 (9 bytes)
1735338751.237794 sending message 112 to peer 0x110008000 (12 bytes)
1735338751.237795 sending message 112 to peer 0x110008000 (13 bytes)
1735338751.237797 sending message 112 to peer 0x110008000 (13 bytes)
1735338751.237799 sending message 112 to peer 0x110008000 (13 bytes)
1735338751.237800 sending message 112 to peer 0x110008000 (13 bytes)
1735338751.237802 sending message 112 to peer 0x110008000 (13 bytes)
1735338751.237803 sending message 112 to peer 0x110008000 (8 bytes)
1735338751.237805 sending message 112 to peer 0x110008000 (11 bytes)
1735338751.237807 sending message 112 to peer 0x110008000 (11 bytes)
1735338751.237809 sending message 112 to peer 0x110008000 (11 bytes)
1735338751.237811 sending message 112 to peer 0x110008000 (12 bytes)
1735338751.237813 sending message 112 to peer 0x110008000 (12 bytes)
1735338751.237814 sending message 112 to peer 0x110008000 (12 bytes)
1735338751.237817 sending message 112 to peer 0x110008000 (12 bytes)
1735338751.237819 sending message 112 to peer 0x110008000 (13 bytes)
1735338751.237821 sending message 112 to peer 0x110008000 (13 bytes)
1735338751.237824 sending message 112 to peer 0x110008000 (13 bytes)
1735338751.237826 sending message 112 to peer 0x110008000 (8 bytes)
1735338751.237828 sending message 112 to peer 0x110008000 (13 bytes)
1735338751.237829 sending message 112 to peer 0x110008000 (13 bytes)
1735338751.237831 sending message 112 to peer 0x110008000 (13 bytes)
1735338751.237832 sending message 112 to peer 0x110008000 (13 bytes)
1735338751.237834 sending message 112 to peer 0x110008000 (13 bytes)
1735338751.237836 sending message 112 to peer 0x110008000 (12 bytes)
1735338751.237838 sending message 112 to peer 0x110008000 (12 bytes)
1735338751.237839 sending message 112 to peer 0x110008000 (12 bytes)
1735338751.237841 sending message 112 to peer 0x110008000 (12 bytes)
1735338751.237842 sending message 112 to peer 0x110008000 (13 bytes)
1735338751.237844 sending message 112 to peer 0x110008000 (8 bytes)
1735338751.237846 sending message 112 to peer 0x110008000 (13 bytes)
1735338751.237847 sending message 112 to peer 0x110008000 (13 bytes)
1735338751.237849 sending message 112 to peer 0x110008000 (13 bytes)
1735338751.237851 sending message 112 to peer 0x110008000 (13 bytes)
1735338751.237852 sending message 112 to peer 0x110008000 (13 bytes)
1735338751.237854 sending message 112 to peer 0x110008000 (13 bytes)
1735338751.237855 sending message 112 to peer 0x110008000 (13 bytes)
1735338751.237857 sending message 112 to peer 0x110008000 (12 bytes)
1735338751.237858 sending message 112 to peer 0x110008000 (12 bytes)
1735338751.237860 sending message 112 to peer 0x110008000 (12 bytes)
1735338751.237862 sending message 112 to peer 0x110008000 (8 bytes)
1735338751.237863 sending message 112 to peer 0x110008000 (12 bytes)
1735338751.237865 sending message 112 to peer 0x110008000 (13 bytes)
1735338751.237870 sending message 112 to peer 0x110008000 (13 bytes)
1735338751.237872 sending message 112 to peer 0x110008000 (13 bytes)
1735338751.237873 sending message 112 to peer 0x110008000 (13 bytes)
1735338751.237875 sending message 112 to peer 0x110008000 (13 bytes)
1735338751.237877 sending message 112 to peer 0x110008000 (13 bytes)
1735338751.237878 sending message 112 to peer 0x110008000 (13 bytes)
1735338751.237880 sending message 112 to peer 0x110008000 (13 bytes)
1735338751.237881 sending message 112 to peer 0x110008000 (12 bytes)
1735338751.237883 sending message 112 to peer 0x110008000 (10 bytes)
1735338751.237885 sending message 112 to peer 0x110008000 (12 bytes)
1735338751.237886 sending message 112 to peer 0x110008000 (12 bytes)
1735338751.237888 sending message 112 to peer 0x110008000 (12 bytes)
1735338751.237889 sending message 112 to peer 0x110008000 (13 bytes)
1735338751.237891 sending message 112 to peer 0x110008000 (13 bytes)
1735338751.237892 sending message 112 to peer 0x110008000 (13 bytes)
1735338751.237894 sending message 112 to peer 0x110008000 (13 bytes)
1735338751.237896 sending message 112 to peer 0x110008000 (13 bytes)
1735338751.237897 sending message 112 to peer 0x110008000 (13 bytes)
1735338751.237899 sending message 112 to peer 0x110008000 (13 bytes)
1735338751.237900 sending message 112 to peer 0x110008000 (10 bytes)
1735338751.237902 sending message 112 to peer 0x110008000 (13 bytes)
1735338751.237904 sending message 112 to peer 0x110008000 (12 bytes)
1735338751.237905 sending message 112 to peer 0x110008000 (12 bytes)
1735338751.237907 sending message 112 to peer 0x110008000 (12 bytes)
1735338751.237908 sending message 112 to peer 0x110008000 (10 bytes)
1735338751.237910 sending message 112 to peer 0x110008000 (10 bytes)
1735338751.237912 sending message 112 to peer 0x110008000 (10 bytes)
1735338751.237913 sending message 112 to peer 0x110008000 (12 bytes)
1735338751.237915 sending message 112 to peer 0x110008000 (13 bytes)
1735338751.237916 sending message 112 to peer 0x110008000 (13 bytes)
1735338751.237918 sending message 112 to peer 0x110008000 (13 bytes)
1735338751.237919 sending message 112 to peer 0x110008000 (13 bytes)
1735338751.237921 sending message 112 to peer 0x110008000 (13 bytes)
1735338751.237923 sending message 112 to peer 0x110008000 (10 bytes)
1735338751.237924 sending message 112 to peer 0x110008000 (11 bytes)
1735338751.237926 sending message 112 to peer 0x110008000 (12 bytes)
1735338751.237928 sending message 112 to peer 0x110008000 (12 bytes)
1735338751.237930 sending message 112 to peer 0x110008000 (12 bytes)
1735338751.237931 sending message 112 to peer 0x110008000 (12 bytes)
1735338751.237933 sending message 112 to peer 0x110008000 (12 bytes)
1735338751.237935 sending message 112 to peer 0x110008000 (11 bytes)
1735338751.237937 sending message 112 to peer 0x110008000 (12 bytes)
1735338751.237938 sending message 112 to peer 0x110008000 (12 bytes)
1735338751.237940 sending message 112 to peer 0x110008000 (13 bytes)
1735338751.237942 sending message 112 to peer 0x110008000 (13 bytes)
1735338751.237943 sending message 112 to peer 0x110008000 (13 bytes)
1735338751.237945 sending message 112 to peer 0x110008000 (13 bytes)
1735338751.237947 sending message 112 to peer 0x110008000 (13 bytes)
1735338751.237948 sending message 112 to peer 0x110008000 (10 bytes)
1735338751.237950 sending message 112 to peer 0x110008000 (9 bytes)
1735338751.237952 sending message 112 to peer 0x110008000 (12 bytes)
1735338751.237954 sending message 112 to peer 0x110008000 (13 bytes)
1735338751.237955 sending message 112 to peer 0x110008000 (13 bytes)
1735338751.237957 sending message 112 to peer 0x110008000 (13 bytes)
1735338751.237958 sending message 112 to peer 0x110008000 (13 bytes)
1735338751.237960 sending message 112 to peer 0x110008000 (13 bytes)
1735338751.237962 sending message 112 to peer 0x110008000 (9 bytes)
1735338751.237963 sending message 112 to peer 0x110008000 (12 bytes)
1735338751.237965 sending message 112 to peer 0x110008000 (13 bytes)
1735338751.237969 sending message 112 to peer 0x110008000 (13 bytes)
1735338751.237971 sending message 112 to peer 0x110008000 (13 bytes)
1735338751.237973 sending message 112 to peer 0x110008000 (13 bytes)
1735338751.237974 sending message 112 to peer 0x110008000 (13 bytes)
1735338751.237976 sending message 112 to peer 0x110008000 (11 bytes)
1735338751.237977 sending message 112 to peer 0x110008000 (12 bytes)
1735338751.237979 sending message 112 to peer 0x110008000 (13 bytes)
1735338751.237980 sending message 112 to peer 0x110008000 (13 bytes)
1735338751.237982 sending message 112 to peer 0x110008000 (13 bytes)
1735338751.237984 sending message 112 to peer 0x110008000 (13 bytes)
1735338751.237985 sending message 112 to peer 0x110008000 (13 bytes)
1735338751.237987 sending message 112 to peer 0x110008000 (11 bytes)
1735338751.237988 sending message 112 to peer 0x110008000 (12 bytes)
1735338751.237990 sending message 112 to peer 0x110008000 (12 bytes)
1735338751.237992 sending message 112 to peer 0x110008000 (12 bytes)
1735338751.237993 sending message 112 to peer 0x110008000 (12 bytes)
1735338751.237995 sending message 112 to peer 0x110008000 (12 bytes)
1735338751.237996 sending message 112 to peer 0x110008000 (21 bytes)
1735338751.237998 sending message 112 to peer 0x110008000 (12 bytes)
1735338751.238000 sending message 112 to peer 0x110008000 (9 bytes)
1735338751.238001 sending message 112 to peer 0x110008000 (6 bytes)
1735338751.238003 sending message 112 to peer 0x110008000 (13 bytes)
1735338751.238004 sending message 112 to peer 0x110008000 (10 bytes)
1735338751.238006 sending message 112 to peer 0x110008000 (15 bytes)
1735338751.238008 sending message 112 to peer 0x110008000 (13 bytes)
1735338751.238009 sending message 112 to peer 0x110008000 (9 bytes)
1735338751.238011 sending message 112 to peer 0x110008000 (70 bytes)
1735338751.238012 sending message 112 to peer 0x110008000 (69 bytes)
1735338751.238014 sending message 112 to peer 0x110008000 (34 bytes)
1735338751.238016 sending message 112 to peer 0x110008000 (34 bytes)
1735338751.238017 sending message 112 to peer 0x110008000 (70 bytes)
1735338751.238019 sending message 112 to peer 0x110008000 (12 bytes)
1735338751.238020 sending message 112 to peer 0x110008000 (10 bytes)
1735338751.238022 sending message 112 to peer 0x110008000 (10 bytes)
1735338751.238024 sending message 112 to peer 0x110008000 (15 bytes)
1735338751.238025 sending message 112 to peer 0x110008000 (13 bytes)
1735338751.238027 sending message 112 to peer 0x110008000 (10 bytes)
1735338751.238028 sending message 112 to peer 0x110008000 (10 bytes)
1735338751.238030 sending message 112 to peer 0x110008000 (17 bytes)
1735338751.238032 sending message 112 to peer 0x110008000 (10 bytes)
1735338751.238033 sending message 112 to peer 0x110008000 (13 bytes)
1735338751.238035 sending message 112 to peer 0x110008000 (32 bytes)
1735338751.238037 sending message 112 to peer 0x110008000 (5 bytes)
1735338751.238039 sending message 112 to peer 0x110008000 (9 bytes)
1735338751.238040 sending message 112 to peer 0x110008000 (15 bytes)
1735338751.238042 sending message 112 to peer 0x110008000 (5 bytes)
1735338751.238044 sending message 104 to peer 0x110008000 (0 bytes)
1735338751.238046 sending message 110 to peer 0x110008000 (0 bytes)
1735338751.238048 sending message 107 to peer 0x110008000 (4 bytes)
1735338751.238050 sending message 105 to peer 0x110008000 (50 bytes)
1735338751.238052 sending message 105 to peer 0x110008000 (20 bytes)
1735338751.238053 sending message 105 to peer 0x110008000 (22 bytes)
1735338751.238055 sending message 105 to peer 0x110008000 (28 bytes)
1735338751.238057 sending message 105 to peer 0x110008000 (12 bytes)
1735338751.238058 sending message 105 to peer 0x110008000 (27 bytes)
1735338751.238060 sending message 105 to peer 0x110008000 (23 bytes)
1735338751.238062 sending message 105 to peer 0x110008000 (17 bytes)
1735338751.238063 sending message 105 to peer 0x110008000 (27 bytes)
1735338751.238065 sending message 105 to peer 0x110008000 (22 bytes)
1735338751.238071 sending message 105 to peer 0x110008000 (109 bytes)
1735338751.238073 sending message 105 to peer 0x110008000 (16 bytes)
1735338751.238075 sending message 105 to peer 0x110008000 (213 bytes)
1735338751.238076 sending message 105 to peer 0x110008000 (57 bytes)
1735338751.238078 sending message 105 to peer 0x110008000 (75 bytes)
1735338751.238079 sending message 105 to peer 0x110008000 (36 bytes)
1735338751.238081 sending message 105 to peer 0x110008000 (22 bytes)
1735338751.238083 sending message 105 to peer 0x110008000 (37 bytes)
1735338751.238084 sending message 105 to peer 0x110008000 (30 bytes)
1735338751.238086 sending message 105 to peer 0x110008000 (70 bytes)
1735338751.238088 sending message 105 to peer 0x110008000 (60 bytes)
1735338751.238089 sending message 105 to peer 0x110008000 (17 bytes)
1735338751.238091 sending message 105 to peer 0x110008000 (19 bytes)
1735338751.238092 sending message 105 to peer 0x110008000 (18 bytes)
1735338751.238094 sending message 105 to peer 0x110008000 (69 bytes)
1735338751.238096 sending message 105 to peer 0x110008000 (76 bytes)
1735338751.238097 sending message 105 to peer 0x110008000 (96 bytes)
1735338751.238099 sending message 105 to peer 0x110008000 (18 bytes)
1735338751.238102 sending message 105 to peer 0x110008000 (53 bytes)
1735338751.238104 sending message 105 to peer 0x110008000 (62 bytes)
1735338751.238105 sending message 105 to peer 0x110008000 (87 bytes)
1735338751.238107 sending message 105 to peer 0x110008000 (17 bytes)
1735338751.238109 sending message 105 to peer 0x110008000 (20 bytes)
1735338751.238110 sending message 105 to peer 0x110008000 (14 bytes)
1735338751.238112 sending message 105 to peer 0x110008000 (495 bytes)
1735338751.238114 sending message 105 to peer 0x110008000 (16 bytes)
1735338751.238115 sending message 105 to peer 0x110008000 (53 bytes)
1735338751.238117 sending message 105 to peer 0x110008000 (15 bytes)
1735338751.238118 sending message 105 to peer 0x110008000 (23 bytes)
1735338751.238120 sending message 105 to peer 0x110008000 (57 bytes)
1735338751.238122 sending message 105 to peer 0x110008000 (29 bytes)
1735338751.238123 sending message 105 to peer 0x110008000 (30 bytes)
1735338751.238125 sending message 105 to peer 0x110008000 (37 bytes)
1735338751.238126 sending message 105 to peer 0x110008000 (8 bytes)
1735338751.238128 sending message 105 to peer 0x110008000 (66 bytes)
1735338751.238130 sending message 105 to peer 0x110008000 (19 bytes)
1735338751.238132 sending message 105 to peer 0x110008000 (63 bytes)
1735338751.238134 sending message 105 to peer 0x110008000 (162 bytes)
1735338751.238136 sending message 105 to peer 0x110008000 (18 bytes)
1735338751.238138 sending message 105 to peer 0x110008000 (26 bytes)
1735338751.238140 sending message 105 to peer 0x110008000 (57 bytes)
1735338751.238142 sending message 105 to peer 0x110008000 (43 bytes)
1735338751.238145 sending message 105 to peer 0x110008000 (13 bytes)
1735338751.238147 sending message 105 to peer 0x110008000 (64 bytes)
1735338751.238149 sending message 105 to peer 0x110008000 (15 bytes)
1735338751.238151 sending message 105 to peer 0x110008000 (12 bytes)
1735338751.238152 sending message 105 to peer 0x110008000 (123 bytes)
1735338751.238154 sending message 105 to peer 0x110008000 (41 bytes)
1735338751.238157 sending message 105 to peer 0x110008000 (115 bytes)
1735338751.238160 sending message 105 to peer 0x110008000 (14 bytes)
1735338751.238163 sending message 105 to peer 0x110008000 (19 bytes)
1735338751.238166 sending message 105 to peer 0x110008000 (21 bytes)
1735338751.238168 sending message 105 to peer 0x110008000 (49 bytes)
1735338751.238170 sending message 105 to peer 0x110008000 (43 bytes)
1735338751.238171 sending message 105 to peer 0x110008000 (32 bytes)
1735338751.238173 sending message 105 to peer 0x110008000 (44 bytes)
1735338751.238174 sending message 105 to peer 0x110008000 (23 bytes)
1735338751.238176 sending message 105 to peer 0x110008000 (21 bytes)
1735338751.238178 sending message 105 to peer 0x110008000 (32 bytes)
1735338751.238179 sending message 105 to peer 0x110008000 (33 bytes)
1735338751.238184 sending message 105 to peer 0x110008000 (43 bytes)
1735338751.238186 sending message 105 to peer 0x110008000 (32 bytes)
1735338751.238187 sending message 105 to peer 0x110008000 (36 bytes)
1735338751.238189 sending message 105 to peer 0x110008000 (34 bytes)
1735338751.238191 sending message 106 to peer 0x110008000 (0 bytes)
1735338751.238221 sending message 200 to peer 0x110008000 (4 bytes)
1735338751.238223 client loop enter
1735338751.238380 peer 0x110008000 message 303
1735338751.238390 open write file 2 -
1735338751.238408 sending message 305 to peer 0x110008000 (8 bytes)
1735338751.238419 write check file 2
1735338751.238448 peer 0x110008000 message 304
1735338751.238457 write 58 to file 2
1735338751.238466 peer 0x110008000 message 203
1735338751.238470 file 2 58 bytes left
1735338751.238478 write check file 2
1735338751.238480 client loop exit
